<?xml version="1.0" encoding="UTF-8"?>
<testsuite xmlns:xsi="http://www.w3.org/2001/XMLSchema-instance" xsi:noNamespaceSchemaLocation="https://maven.apache.org/surefire/maven-surefire-plugin/xsd/surefire-test-report-3.0.xsd" version="3.0" name="com.ouhuang.JwtTest" time="2.812" tests="1" errors="0" skipped="0" failures="0">
  <properties>
[...]
</properties>
  <testcase name="test" classname="com.ouhuang.JwtTest" time="0.968">
    <system-out><![CDATA[12:01:35.042 [main] INFO org.springframework.test.context.support.AnnotationConfigContextLoaderUtils -- Could not detect default configuration classes for test class [com.ouhuang.JwtTest]: JwtTest does not declare any static, non-private, non-final, nested classes annotated with @Configuration.
12:01:35.136 [main] INFO org.springframework.boot.test.context.SpringBootTestContextBootstrapper -- Found @SpringBootConfiguration com.ouhuang.JkxtServerApplication for test class com.ouhuang.JwtTest

  .   ____          _            __ _ _
 /\\ / ___'_ __ _ _(_)_ __  __ _ \ \ \ \
( ( )\___ | '_ | '_| | '_ \/ _` | \ \ \ \
 \\/  ___)| |_)| | | | | || (_| |  ) ) ) )
  '  |____| .__|_| |_|_| |_\__, | / / / /
 =========|_|==============|___/=/_/_/_/

 :: Spring Boot ::               (v3.3.12)

2025-06-09T12:01:35.443+08:00  INFO 23312 --- [jkxt-server] [           main] com.ouhuang.JwtTest                      : Starting JwtTest using Java 17.0.11 with PID 23312 (started by 29641 in D:\Code\Java\jkxt-server)
2025-06-09T12:01:35.443+08:00  INFO 23312 --- [jkxt-server] [           main] com.ouhuang.JwtTest                      : No active profile set, falling back to 1 default profile: "default"
2025-06-09T12:01:36.745+08:00  INFO 23312 --- [jkxt-server] [           main] com.ouhuang.JwtTest                      : Started JwtTest in 1.484 seconds (process running for 2.385)
eyJhbGciOiJIUzI1NiIsInR5cCI6IkpXVCJ9.eyJjbGFpbXMiOnsidXNlcl9pZCI6IjEiLCJtb2JpbGUiOiIxODIzMDcxMjExNCIsInVzZXJuYW1lIjoib3VodWFuZ3hpYW9sZSJ9LCJleHAiOjE3NDk0ODQ4OTd9.fgGm8NP3zlsfxL7kkoGe5f5r9wHU4dCgeqrNfQrY7TE
]]></system-out>
  </testcase>
</testsuite>